# JRE version: Java(TM) SE Runtime Environment (8.0_31-b13) (build 1.8.0_31-b13)
# Java VM: Java HotSpot(TM) 64-Bit Server VM (25.31-b07 mixed mode linux-amd64 compressed oops)
Heap:
 def new generation   total 9920K, used 0K [0x00000000e0a00000, 0x00000000e14c0000, 0x00000000eb150000)
  eden space 8832K,   0% used [0x00000000e0a00000, 0x00000000e0a00000, 0x00000000e12a0000)
  from space 1088K,   0% used [0x00000000e12a0000, 0x00000000e12a0000, 0x00000000e13b0000)
  to   space 1088K,   0% used [0x00000000e13b0000, 0x00000000e13b0000, 0x00000000e14c0000)
 tenured generation   total 22656K, used 18093K [0x00000000eb150000, 0x00000000ec770000, 0x0000000100000000)
   the space 22656K,  79% used [0x00000000eb150000, 0x00000000ec2fb690, 0x00000000ec2fb800, 0x00000000ec770000)
 Metaspace       used 16188K, capacity 16336K, committed 16640K, reserved 1064960K
  class space    used 1896K, capacity 1948K, committed 2048K, reserved 1048576K
GC Heap History (10 events):
Event: 56.090 GC heap after
Heap after GC invocations=20 (full 1):
 def new generation   total 9920K, used 978K [0x00000000e0a00000, 0x00000000e14c0000, 0x00000000eb150000)
  eden space 8832K,   0% used [0x00000000e0a00000, 0x00000000e0a00000, 0x00000000e12a0000)
  from space 1088K,  89% used [0x00000000e13b0000, 0x00000000e14a4828, 0x00000000e14c0000)
  to   space 1088K,   0% used [0x00000000e12a0000, 0x00000000e12a0000, 0x00000000e13b0000)
 tenured generation   total 21888K, used 15677K [0x00000000eb150000, 0x00000000ec6b0000, 0x0000000100000000)
   the space 21888K,  71% used [0x00000000eb150000, 0x00000000ec09f628, 0x00000000ec09f800, 0x00000000ec6b0000)
 Metaspace       used 16188K, capacity 16336K, committed 16640K, reserved 1064960K
  class space    used 1896K, capacity 1948K, committed 2048K, reserved 1048576K
}
Event: 60.178 GC heap before
{Heap before GC invocations=20 (full 1):
 def new generation   total 9920K, used 9810K [0x00000000e0a00000, 0x00000000e14c0000, 0x00000000eb150000)
  eden space 8832K, 100% used [0x00000000e0a00000, 0x00000000e12a0000, 0x00000000e12a0000)
  from space 1088K,  89% used [0x00000000e13b0000, 0x00000000e14a4828, 0x00000000e14c0000)
  to   space 1088K,   0% used [0x00000000e12a0000, 0x00000000e12a0000, 0x00000000e13b0000)
 tenured generation   total 21888K, used 15677K [0x00000000eb150000, 0x00000000ec6b0000, 0x0000000100000000)
   the space 21888K,  71% used [0x00000000eb150000, 0x00000000ec09f628, 0x00000000ec09f800, 0x00000000ec6b0000)
 Metaspace       used 16188K, capacity 16336K, committed 16640K, reserved 1064960K
  class space    used 1896K, capacity 1948K, committed 2048K, reserved 1048576K
Event: 60.231 GC heap after
Heap after GC invocations=21 (full 1):
 def new generation   total 9920K, used 1088K [0x00000000e0a00000, 0x00000000e14c0000, 0x00000000eb150000)
  eden space 8832K,   0% used [0x00000000e0a00000, 0x00000000e0a00000, 0x00000000e12a0000)
  from space 1088K, 100% used [0x00000000e12a0000, 0x00000000e13b0000, 0x00000000e13b0000)
  to   space 1088K,   0% used [0x00000000e13b0000, 0x00000000e13b0000, 0x00000000e14c0000)
 tenured generation   total 21888K, used 17631K [0x00000000eb150000, 0x00000000ec6b0000, 0x0000000100000000)
   the space 21888K,  80% used [0x00000000eb150000, 0x00000000ec287f30, 0x00000000ec288000, 0x00000000ec6b0000)
 Metaspace       used 16188K, capacity 16336K, committed 16640K, reserved 1064960K
  class space    used 1896K, capacity 1948K, committed 2048K, reserved 1048576K
}
Event: 60.291 GC heap before
{Heap before GC invocations=21 (full 1):
 def new generation   total 9920K, used 9920K [0x00000000e0a00000, 0x00000000e14c0000, 0x00000000eb150000)
  eden space 8832K, 100% used [0x00000000e0a00000, 0x00000000e12a0000, 0x00000000e12a0000)
  from space 1088K, 100% used [0x00000000e12a0000, 0x00000000e13b0000, 0x00000000e13b0000)
  to   space 1088K,   0% used [0x00000000e13b0000, 0x00000000e13b0000, 0x00000000e14c0000)
 tenured generation   total 21888K, used 17631K [0x00000000eb150000, 0x00000000ec6b0000, 0x0000000100000000)
   the space 21888K,  80% used [0x00000000eb150000, 0x00000000ec287f30, 0x00000000ec288000, 0x00000000ec6b0000)
 Metaspace       used 16188K, capacity 16336K, committed 16640K, reserved 1064960K
  class space    used 1896K, capacity 1948K, committed 2048K, reserved 1048576K
Event: 60.320 GC heap after
Heap after GC invocations=22 (full 1):
 def new generation   total 9920K, used 958K [0x00000000e0a00000, 0x00000000e14c0000, 0x00000000eb150000)
  eden space 8832K,   0% used [0x00000000e0a00000, 0x00000000e0a00000, 0x00000000e12a0000)
  from space 1088K,  88% used [0x00000000e13b0000, 0x00000000e149f800, 0x00000000e14c0000)
  to   space 1088K,   0% used [0x00000000e12a0000, 0x00000000e12a0000, 0x00000000e13b0000)
 tenured generation   total 21888K, used 18703K [0x00000000eb150000, 0x00000000ec6b0000, 0x0000000100000000)
   the space 21888K,  85% used [0x00000000eb150000, 0x00000000ec393e48, 0x00000000ec394000, 0x00000000ec6b0000)
 Metaspace       used 16188K, capacity 16336K, committed 16640K, reserved 1064960K
  class space    used 1896K, capacity 1948K, committed 2048K, reserved 1048576K
}
Event: 60.347 GC heap before
{Heap before GC invocations=22 (full 1):
 def new generation   total 9920K, used 9790K [0x00000000e0a00000, 0x00000000e14c0000, 0x00000000eb150000)
  eden space 8832K, 100% used [0x00000000e0a00000, 0x00000000e12a0000, 0x00000000e12a0000)
  from space 1088K,  88% used [0x00000000e13b0000, 0x00000000e149f800, 0x00000000e14c0000)
  to   space 1088K,   0% used [0x00000000e12a0000, 0x00000000e12a0000, 0x00000000e13b0000)
 tenured generation   total 21888K, used 18703K [0x00000000eb150000, 0x00000000ec6b0000, 0x0000000100000000)
   the space 21888K,  85% used [0x00000000eb150000, 0x00000000ec393e48, 0x00000000ec394000, 0x00000000ec6b0000)
 Metaspace       used 16188K, capacity 16336K, committed 16640K, reserved 1064960K
  class space    used 1896K, capacity 1948K, committed 2048K, reserved 1048576K
Event: 60.360 GC heap after
Heap after GC invocations=23 (full 1):
 def new generation   total 9920K, used 994K [0x00000000e0a00000, 0x00000000e14c0000, 0x00000000eb150000)
  eden space 8832K,   0% used [0x00000000e0a00000, 0x00000000e0a00000, 0x00000000e12a0000)
  from space 1088K,  91% used [0x00000000e12a0000, 0x00000000e1398bf0, 0x00000000e13b0000)
  to   space 1088K,   0% used [0x00000000e13b0000, 0x00000000e13b0000, 0x00000000e14c0000)
 tenured generation   total 21888K, used 19628K [0x00000000eb150000, 0x00000000ec6b0000, 0x0000000100000000)
   the space 21888K,  89% used [0x00000000eb150000, 0x00000000ec47b370, 0x00000000ec47b400, 0x00000000ec6b0000)
 Metaspace       used 16188K, capacity 16336K, committed 16640K, reserved 1064960K
  class space    used 1896K, capacity 1948K, committed 2048K, reserved 1048576K
}
Event: 61.956 GC heap before
{Heap before GC invocations=23 (full 1):
 def new generation   total 9920K, used 9826K [0x00000000e0a00000, 0x00000000e14c0000, 0x00000000eb150000)
  eden space 8832K, 100% used [0x00000000e0a00000, 0x00000000e12a0000, 0x00000000e12a0000)
  from space 1088K,  91% used [0x00000000e12a0000, 0x00000000e1398bf0, 0x00000000e13b0000)
  to   space 1088K,   0% used [0x00000000e13b0000, 0x00000000e13b0000, 0x00000000e14c0000)
 tenured generation   total 21888K, used 19628K [0x00000000eb150000, 0x00000000ec6b0000, 0x0000000100000000)
   the space 21888K,  89% used [0x00000000eb150000, 0x00000000ec47b370, 0x00000000ec47b400, 0x00000000ec6b0000)
 Metaspace       used 16188K, capacity 16336K, committed 16640K, reserved 1064960K
  class space    used 1896K, capacity 1948K, committed 2048K, reserved 1048576K
Event: 62.136 GC heap after
Heap after GC invocations=24 (full 1):
 def new generation   total 9920K, used 1087K [0x00000000e0a00000, 0x00000000e14c0000, 0x00000000eb150000)
  eden space 8832K,   0% used [0x00000000e0a00000, 0x00000000e0a00000, 0x00000000e12a0000)
  from space 1088K,  99% used [0x00000000e13b0000, 0x00000000e14bfff8, 0x00000000e14c0000)
  to   space 1088K,   0% used [0x00000000e12a0000, 0x00000000e12a0000, 0x00000000e13b0000)
 tenured generation   total 21888K, used 21569K [0x00000000eb150000, 0x00000000ec6b0000, 0x0000000100000000)
   the space 21888K,  98% used [0x00000000eb150000, 0x00000000ec6607b0, 0x00000000ec660800, 0x00000000ec6b0000)
 Metaspace       used 16188K, capacity 16336K, committed 16640K, reserved 1064960K
  class space    used 1896K, capacity 1948K, committed 2048K, reserved 1048576K
}
Event: 62.204 GC heap before
{Heap before GC invocations=24 (full 1):
 def new generation   total 9920K, used 9919K [0x00000000e0a00000, 0x00000000e14c0000, 0x00000000eb150000)
  eden space 8832K, 100% used [0x00000000e0a00000, 0x00000000e12a0000, 0x00000000e12a0000)
  from space 1088K,  99% used [0x00000000e13b0000, 0x00000000e14bfff8, 0x00000000e14c0000)
  to   space 1088K,   0% used [0x00000000e12a0000, 0x00000000e12a0000, 0x00000000e13b0000)
 tenured generation   total 21888K, used 21569K [0x00000000eb150000, 0x00000000ec6b0000, 0x0000000100000000)
   the space 21888K,  98% used [0x00000000eb150000, 0x00000000ec6607b0, 0x00000000ec660800, 0x00000000ec6b0000)
 Metaspace       used 16188K, capacity 16336K, committed 16640K, reserved 1064960K
  class space    used 1896K, capacity 1948K, committed 2048K, reserved 1048576K

